Ensembliste

FD
	time 0.271143 seconds
OPTIMAL
Semaine 1
    Groupe 1  [1, 3, 7, 15]
    Groupe 2  [5, 8, 12, 13]
    Groupe 3  [4, 6, 11, 14]
    Groupe 4  [2, 9, 10, 16]
Semaine 2
    Groupe 1  [1, 5, 6, 16]
    Groupe 2  [2, 3, 4, 8]
    Groupe 3  [10, 11, 13, 15]
    Groupe 4  [7, 9, 12, 14]
Semaine 3
    Groupe 1  [1, 4, 9, 13]
    Groupe 2  [7, 8, 11, 16]
    Groupe 3  [2, 5, 14, 15]
    Groupe 4  [3, 6, 10, 12]
Semaine 4
    Groupe 1  [1, 2, 11, 12]
    Groupe 2  [4, 5, 7, 10]
    Groupe 3  [3, 13, 14, 16]
    Groupe 4  [6, 8, 9, 15]


SAT
minisat
	time 2.27909 seconds
Semaine 1
    Groupe 1  [3, 4, 13, 16]
    Groupe 2  [5, 9, 11, 15]
    Groupe 3  [1, 10, 12, 14]
    Groupe 4  [2, 6, 7, 8]
Semaine 2
    Groupe 1  [2, 11, 12, 16]
    Groupe 2  [1, 3, 8, 9]
    Groupe 3  [5, 6, 10, 13]
    Groupe 4  [4, 7, 14, 15]
Semaine 3
    Groupe 1  [5, 8, 14, 16]
    Groupe 2  [1, 7, 11, 13]
    Groupe 3  [2, 3, 10, 15]
    Groupe 4  [4, 6, 9, 12]
Semaine 4
    Groupe 1  [1, 6, 15, 16]
    Groupe 2  [2, 9, 13, 14]
    Groupe 3  [4, 8, 10, 11]
    Groupe 4  [3, 5, 7, 12]

z3
	time 2.03 seconds
Semaine 1
    Groupe 1  [3, 12, 13, 15]
    Groupe 2  [2, 5, 7, 9]
    Groupe 3  [4, 6, 10, 11]
    Groupe 4  [1, 8, 14, 16]
Semaine 2
    Groupe 1  [2, 8, 10, 12]
    Groupe 2  [3, 5, 11, 14]
    Groupe 3  [1, 6, 7, 15]
    Groupe 4  [4, 9, 13, 16]
Semaine 3
    Groupe 1  [3, 6, 8, 9]
    Groupe 2  [1, 5, 10, 13]
    Groupe 3  [4, 7, 12, 14]
    Groupe 4  [2, 11, 15, 16]
Semaine 4
    Groupe 1  [4, 5, 8, 15]
    Groupe 2  [1, 9, 11, 12]
    Groupe 3  [2, 6, 13, 14]
    Groupe 4  [3, 7, 10, 16]


B&B

