FD
	>60 sec

SAT
z3
	59.70 sec
Semaine 1
    terrain 1 : [1, 2]
    terrain 2 : [3, 4]
    terrain 3 : [5, 6]
    terrain 4 : [7, 8]
    terrain 5 : [9, 10]
    terrain 6 : [11, 12]
Semaine 2
    terrain 1 : [1, 5]
    terrain 2 : [8, 12]
    terrain 3 : [7, 10]
    terrain 4 : [2, 4]
    terrain 5 : [6, 9]
    terrain 6 : [3, 11]
Semaine 3
    terrain 1 : [5, 8]
    terrain 2 : [7, 12]
    terrain 3 : [9, 11]
    terrain 4 : [1, 6]
    terrain 5 : [4, 10]
    terrain 6 : [2, 3]
Semaine 4
    terrain 1 : [4, 8]
    terrain 2 : [2, 6]
    terrain 3 : [1, 12]
    terrain 4 : [3, 9]
    terrain 5 : [7, 11]
    terrain 6 : [5, 10]
Semaine 5
    terrain 1 : [3, 10]
    terrain 2 : [2, 11]
    terrain 3 : [8, 9]
    terrain 4 : [4, 6]
    terrain 5 : [5, 12]
    terrain 6 : [1, 7]
Semaine 6
    terrain 1 : [6, 10]
    terrain 2 : [1, 3]
    terrain 3 : [5, 7]
    terrain 4 : [8, 11]
    terrain 5 : [4, 12]
    terrain 6 : [2, 9]
Semaine 7
    terrain 1 : [3, 12]
    terrain 2 : [6, 7]
    terrain 3 : [2, 10]
    terrain 4 : [5, 11]
    terrain 5 : [1, 8]
    terrain 6 : [4, 9]
Semaine 8
    terrain 1 : [9, 12]
    terrain 2 : [4, 5]
    terrain 3 : [3, 6]
    terrain 4 : [2, 7]
    terrain 5 : [1, 11]
    terrain 6 : [8, 10]
Semaine 9
    terrain 1 : [7, 9]
    terrain 2 : [10, 11]
    terrain 3 : [1, 4]
    terrain 4 : [3, 5]
    terrain 5 : [2, 8]
    terrain 6 : [6, 12]
Semaine 10
    terrain 1 : [6, 11]
    terrain 2 : [1, 9]
    terrain 3 : [3, 8]
    terrain 4 : [10, 12]
    terrain 5 : [2, 5]
    terrain 6 : [4, 7]
Semaine 11
    terrain 1 : [4, 11]
    terrain 2 : [5, 9]
    terrain 3 : [2, 12]
    terrain 4 : [1, 10]
    terrain 5 : [3, 7]
    terrain 6 : [6, 8]

minisat
	88.2098 s
Semaine 1
    terrain 1 : [1, 2]
    terrain 2 : [3, 4]
    terrain 3 : [5, 6]
    terrain 4 : [7, 8]
    terrain 5 : [9, 10]
    terrain 6 : [11, 12]
Semaine 2
    terrain 1 : [5, 7]
    terrain 2 : [2, 12]
    terrain 3 : [4, 11]
    terrain 4 : [1, 6]
    terrain 5 : [8, 10]
    terrain 6 : [3, 9]
Semaine 3
    terrain 1 : [8, 9]
    terrain 2 : [7, 11]
    terrain 3 : [2, 10]
    terrain 4 : [4, 5]
    terrain 5 : [1, 3]
    terrain 6 : [6, 12]
Semaine 4
    terrain 1 : [9, 12]
    terrain 2 : [5, 11]
    terrain 3 : [4, 8]
    terrain 4 : [2, 6]
    terrain 5 : [3, 7]
    terrain 6 : [1, 10]
Semaine 5
    terrain 1 : [5, 8]
    terrain 2 : [6, 10]
    terrain 3 : [1, 7]
    terrain 4 : [9, 11]
    terrain 5 : [4, 12]
    terrain 6 : [2, 3]
Semaine 6
    terrain 1 : [1, 4]
    terrain 2 : [3, 8]
    terrain 3 : [7, 12]
    terrain 4 : [10, 11]
    terrain 5 : [6, 9]
    terrain 6 : [2, 5]
Semaine 7
    terrain 1 : [4, 6]
    terrain 2 : [1, 9]
    terrain 3 : [10, 12]
    terrain 4 : [3, 5]
    terrain 5 : [2, 7]
    terrain 6 : [8, 11]
Semaine 8
    terrain 1 : [6, 11]
    terrain 2 : [2, 4]
    terrain 3 : [1, 8]
    terrain 4 : [3, 10]
    terrain 5 : [5, 12]
    terrain 6 : [7, 9]
Semaine 9
    terrain 1 : [7, 10]
    terrain 2 : [8, 12]
    terrain 3 : [3, 6]
    terrain 4 : [4, 9]
    terrain 5 : [2, 11]
    terrain 6 : [1, 5]
Semaine 10
    terrain 1 : [3, 11]
    terrain 2 : [5, 10]
    terrain 3 : [2, 9]
    terrain 4 : [1, 12]
    terrain 5 : [6, 8]
    terrain 6 : [4, 7]
Semaine 11
    terrain 1 : [3, 12]
    terrain 2 : [6, 7]
    terrain 3 : [5, 9]
    terrain 4 : [2, 8]
    terrain 5 : [1, 11]
    terrain 6 : [4, 10]




