FD
	>60 sec

SAT
z3
	0.02 sec
Semaine 1
    terrain 1 : [1, 2]
    terrain 2 : [3, 4]
    terrain 3 : [5, 6]
    terrain 4 : [7, 8]
    terrain 5 : [9, 10]
Semaine 2
    terrain 1 : [8, 10]
    terrain 2 : [6, 9]
    terrain 3 : [1, 5]
    terrain 4 : [4, 7]
    terrain 5 : [2, 3]
Semaine 3
    terrain 1 : [7, 10]
    terrain 2 : [5, 9]
    terrain 3 : [1, 8]
    terrain 4 : [3, 6]
    terrain 5 : [2, 4]
Semaine 4
    terrain 1 : [8, 9]
    terrain 2 : [6, 10]
    terrain 3 : [2, 7]
    terrain 4 : [4, 5]
    terrain 5 : [1, 3]
Semaine 5
    terrain 1 : [7, 9]
    terrain 2 : [5, 10]
    terrain 3 : [2, 6]
    terrain 4 : [3, 8]
    terrain 5 : [1, 4]
Semaine 6
    terrain 1 : [3, 5]
    terrain 2 : [1, 7]
    terrain 3 : [4, 10]
    terrain 4 : [2, 9]
    terrain 5 : [6, 8]
Semaine 7
    terrain 1 : [2, 5]
    terrain 2 : [4, 8]
    terrain 3 : [3, 10]
    terrain 4 : [1, 9]
    terrain 5 : [6, 7]
Semaine 8
    terrain 1 : [1, 6]
    terrain 2 : [3, 7]
    terrain 3 : [4, 9]
    terrain 4 : [2, 10]
    terrain 5 : [5, 8]
Semaine 9
    terrain 1 : [4, 6]
    terrain 2 : [2, 8]
    terrain 3 : [3, 9]
    terrain 4 : [1, 10]
    terrain 5 : [5, 7]

minisat
	0.019324 sec
Semaine 1
    terrain 1 : [1, 2]
    terrain 2 : [3, 4]
    terrain 3 : [5, 6]
    terrain 4 : [7, 8]
    terrain 5 : [9, 10]
Semaine 2
    terrain 1 : [8, 10]
    terrain 2 : [6, 9]
    terrain 3 : [1, 7]
    terrain 4 : [4, 5]
    terrain 5 : [2, 3]
Semaine 3
    terrain 1 : [7, 10]
    terrain 2 : [5, 9]
    terrain 3 : [1, 6]
    terrain 4 : [3, 8]
    terrain 5 : [2, 4]
Semaine 4
    terrain 1 : [8, 9]
    terrain 2 : [6, 10]
    terrain 3 : [2, 5]
    terrain 4 : [4, 7]
    terrain 5 : [1, 3]
Semaine 5
    terrain 1 : [7, 9]
    terrain 2 : [5, 10]
    terrain 3 : [2, 8]
    terrain 4 : [3, 6]
    terrain 5 : [1, 4]
Semaine 6
    terrain 1 : [1, 5]
    terrain 2 : [3, 7]
    terrain 3 : [4, 10]
    terrain 4 : [2, 9]
    terrain 5 : [6, 8]
Semaine 7
    terrain 1 : [4, 6]
    terrain 2 : [2, 7]
    terrain 3 : [3, 10]
    terrain 4 : [1, 9]
    terrain 5 : [5, 8]
Semaine 8
    terrain 1 : [3, 5]
    terrain 2 : [1, 8]
    terrain 3 : [4, 9]
    terrain 4 : [2, 10]
    terrain 5 : [6, 7]
Semaine 9
    terrain 1 : [2, 6]
    terrain 2 : [4, 8]
    terrain 3 : [3, 9]
    terrain 4 : [1, 10]
    terrain 5 : [5, 7]


