FD
  0.032309 seconds (23.87 k allocations: 1.137 MiB)
Semaine 1
    terrain 1 : [1, 2]
    terrain 2 : [3, 4]
    terrain 3 : [5, 6]
Semaine 2
    terrain 1 : [1, 5]
    terrain 2 : [3, 6]
    terrain 3 : [2, 4]
Semaine 3
    terrain 1 : [4, 6]
    terrain 2 : [2, 5]
    terrain 3 : [1, 3]
Semaine 4
    terrain 1 : [3, 5]
    terrain 2 : [1, 4]
    terrain 3 : [2, 6]
Semaine 5
    terrain 1 : [2, 3]
    terrain 2 : [1, 6]
    terrain 3 : [4, 5]

SAT
z3
	0.00 sec
Semaine 1
    terrain 1 : [1, 2]
    terrain 2 : [3, 4]
    terrain 3 : [5, 6]
Semaine 2
    terrain 1 : [4, 6]
    terrain 2 : [1, 5]
    terrain 3 : [2, 3]
Semaine 3
    terrain 1 : [3, 6]
    terrain 2 : [2, 5]
    terrain 3 : [1, 4]
Semaine 4
    terrain 1 : [4, 5]
    terrain 2 : [2, 6]
    terrain 3 : [1, 3]
Semaine 5
    terrain 1 : [3, 5]
    terrain 2 : [1, 6]
    terrain 3 : [2, 4]

minisat
	0.007741 sec
Semaine 1
    terrain 1 : [1, 2]
    terrain 2 : [3, 4]
    terrain 3 : [5, 6]
Semaine 2
    terrain 1 : [3, 5]
    terrain 2 : [2, 6]
    terrain 3 : [1, 4]
Semaine 3
    terrain 1 : [4, 5]
    terrain 2 : [1, 6]
    terrain 3 : [2, 3]
Semaine 4
    terrain 1 : [4, 6]
    terrain 2 : [2, 5]
    terrain 3 : [1, 3]
Semaine 5
    terrain 1 : [3, 6]
    terrain 2 : [1, 5]
    terrain 3 : [2, 4]


